::1 - - [17/Jun/2021:00:04:45 +0000] "POST /api/user/login HTTP/1.1" 200 351 "http://localhost:3000/" "Mozilla/5.0 (Windows NT 10.0; Win64; x64) AppleWebKit/537.36 (KHTML, like Gecko) Chrome/91.0.4472.101 Safari/537.36"
::1 - - [17/Jun/2021:00:04:45 +0000] "PUT /api/user/reftoken HTTP/1.1" 404 156 "http://localhost:3000/" "Mozilla/5.0 (Windows NT 10.0; Win64; x64) AppleWebKit/537.36 (KHTML, like Gecko) Chrome/91.0.4472.101 Safari/537.36"
::1 - - [17/Jun/2021:00:05:06 +0000] "GET / HTTP/1.1" 404 139 "-" "Mozilla/5.0 (Windows NT 10.0; Win64; x64) AppleWebKit/537.36 (KHTML, like Gecko) Chrome/91.0.4472.101 Safari/537.36"
::1 - - [17/Jun/2021:00:05:59 +0000] "POST /api/user/login HTTP/1.1" 200 351 "http://localhost:3000/" "Mozilla/5.0 (Windows NT 10.0; Win64; x64) AppleWebKit/537.36 (KHTML, like Gecko) Chrome/91.0.4472.101 Safari/537.36"
::1 - - [17/Jun/2021:00:05:59 +0000] "PUT /api/user/reftoken HTTP/1.1" 404 156 "http://localhost:3000/" "Mozilla/5.0 (Windows NT 10.0; Win64; x64) AppleWebKit/537.36 (KHTML, like Gecko) Chrome/91.0.4472.101 Safari/537.36"
::1 - - [17/Jun/2021:00:06:10 +0000] "GET /api/user/reftoken HTTP/1.1" 400 34 "-" "Mozilla/5.0 (Linux; Android 5.0; SM-G900P Build/LRX21T) AppleWebKit/537.36 (KHTML, like Gecko) Chrome/91.0.4472.101 Mobile Safari/537.36"
::1 - - [17/Jun/2021:00:06:16 +0000] "GET / HTTP/1.1" 404 139 "-" "Mozilla/5.0 (Linux; Android 5.0; SM-G900P Build/LRX21T) AppleWebKit/537.36 (KHTML, like Gecko) Chrome/91.0.4472.101 Mobile Safari/537.36"
::1 - - [17/Jun/2021:00:06:22 +0000] "GET / HTTP/1.1" 404 139 "-" "Mozilla/5.0 (Linux; Android 5.0; SM-G900P Build/LRX21T) AppleWebKit/537.36 (KHTML, like Gecko) Chrome/91.0.4472.101 Mobile Safari/537.36"
::1 - - [17/Jun/2021:00:06:33 +0000] "GET /api/user/reftoken HTTP/1.1" 400 34 "-" "Mozilla/5.0 (Windows NT 10.0; Win64; x64) AppleWebKit/537.36 (KHTML, like Gecko) Chrome/91.0.4472.101 Safari/537.36"
::1 - - [17/Jun/2021:00:08:05 +0000] "PUT /api/user/reftoken HTTP/1.1" 404 156 "http://localhost:3000/" "Mozilla/5.0 (Linux; Android 5.0; SM-G900P Build/LRX21T) AppleWebKit/537.36 (KHTML, like Gecko) Chrome/91.0.4472.101 Mobile Safari/537.36"
::1 - - [17/Jun/2021:00:09:38 +0000] "PUT /api/user/reftoken HTTP/1.1" 404 156 "http://localhost:3000/" "Mozilla/5.0 (Linux; Android 5.0; SM-G900P Build/LRX21T) AppleWebKit/537.36 (KHTML, like Gecko) Chrome/91.0.4472.101 Mobile Safari/537.36"
::1 - - [17/Jun/2021:00:09:50 +0000] "POST /api/user/login HTTP/1.1" 200 351 "http://localhost:3000/" "Mozilla/5.0 (Linux; Android 5.0; SM-G900P Build/LRX21T) AppleWebKit/537.36 (KHTML, like Gecko) Chrome/91.0.4472.101 Mobile Safari/537.36"
::1 - - [17/Jun/2021:00:09:50 +0000] "PUT /api/user/reftoken HTTP/1.1" 404 156 "http://localhost:3000/" "Mozilla/5.0 (Linux; Android 5.0; SM-G900P Build/LRX21T) AppleWebKit/537.36 (KHTML, like Gecko) Chrome/91.0.4472.101 Mobile Safari/537.36"
::1 - - [17/Jun/2021:00:11:48 +0000] "PUT /api/user/reftoken HTTP/1.1" 404 156 "http://localhost:3000/" "Mozilla/5.0 (Linux; Android 5.0; SM-G900P Build/LRX21T) AppleWebKit/537.36 (KHTML, like Gecko) Chrome/91.0.4472.101 Mobile Safari/537.36"
::1 - - [17/Jun/2021:00:13:11 +0000] "GET /api/user/reftoken HTTP/1.1" 400 34 "http://localhost:3000/" "Mozilla/5.0 (Linux; Android 5.0; SM-G900P Build/LRX21T) AppleWebKit/537.36 (KHTML, like Gecko) Chrome/91.0.4472.101 Mobile Safari/537.36"
::1 - - [17/Jun/2021:00:13:22 +0000] "POST /api/user/login HTTP/1.1" 200 351 "http://localhost:3000/" "Mozilla/5.0 (Linux; Android 5.0; SM-G900P Build/LRX21T) AppleWebKit/537.36 (KHTML, like Gecko) Chrome/91.0.4472.101 Mobile Safari/537.36"
::1 - - [17/Jun/2021:00:13:22 +0000] "GET /api/user/reftoken HTTP/1.1" 400 34 "http://localhost:3000/" "Mozilla/5.0 (Linux; Android 5.0; SM-G900P Build/LRX21T) AppleWebKit/537.36 (KHTML, like Gecko) Chrome/91.0.4472.101 Mobile Safari/537.36"
::1 - - [17/Jun/2021:00:24:05 +0000] "POST /api/user/login HTTP/1.1" 200 351 "http://localhost:3000/" "Mozilla/5.0 (Windows NT 10.0; Win64; x64) AppleWebKit/537.36 (KHTML, like Gecko) Chrome/91.0.4472.101 Safari/537.36"
::1 - - [17/Jun/2021:00:24:05 +0000] "GET /api/user/reftoken HTTP/1.1" 400 34 "http://localhost:3000/" "Mozilla/5.0 (Windows NT 10.0; Win64; x64) AppleWebKit/537.36 (KHTML, like Gecko) Chrome/91.0.4472.101 Safari/537.36"
::1 - - [17/Jun/2021:00:25:09 +0000] "POST /api/user/login HTTP/1.1" 200 351 "http://localhost:3000/" "Mozilla/5.0 (Windows NT 10.0; Win64; x64) AppleWebKit/537.36 (KHTML, like Gecko) Chrome/91.0.4472.101 Safari/537.36"
::1 - - [17/Jun/2021:00:25:09 +0000] "GET /api/user/reftoken HTTP/1.1" 400 34 "http://localhost:3000/" "Mozilla/5.0 (Windows NT 10.0; Win64; x64) AppleWebKit/537.36 (KHTML, like Gecko) Chrome/91.0.4472.101 Safari/537.36"
::1 - - [17/Jun/2021:00:27:06 +0000] "POST /api/user/login HTTP/1.1" 200 351 "http://localhost:3000/" "Mozilla/5.0 (Windows NT 10.0; Win64; x64) AppleWebKit/537.36 (KHTML, like Gecko) Chrome/91.0.4472.101 Safari/537.36"
::1 - - [17/Jun/2021:00:27:06 +0000] "GET /api/user/reftoken HTTP/1.1" 400 34 "http://localhost:3000/" "Mozilla/5.0 (Windows NT 10.0; Win64; x64) AppleWebKit/537.36 (KHTML, like Gecko) Chrome/91.0.4472.101 Safari/537.36"
::1 - - [17/Jun/2021:00:28:22 +0000] "POST /api/user/login HTTP/1.1" 200 351 "http://localhost:3000/" "Mozilla/5.0 (Windows NT 10.0; Win64; x64) AppleWebKit/537.36 (KHTML, like Gecko) Chrome/91.0.4472.101 Safari/537.36"
::1 - - [17/Jun/2021:00:28:22 +0000] "GET /api/user/reftoken HTTP/1.1" 400 34 "http://localhost:3000/" "Mozilla/5.0 (Windows NT 10.0; Win64; x64) AppleWebKit/537.36 (KHTML, like Gecko) Chrome/91.0.4472.101 Safari/537.36"
::1 - - [17/Jun/2021:00:28:31 +0000] "GET /api/user/reftoken HTTP/1.1" 400 34 "-" "Mozilla/5.0 (Windows NT 10.0; Win64; x64) AppleWebKit/537.36 (KHTML, like Gecko) Chrome/91.0.4472.101 Safari/537.36"
::1 - - [17/Jun/2021:00:30:32 +0000] "GET /api/user/reftoken HTTP/1.1" 400 34 "http://localhost:3000/" "Mozilla/5.0 (Linux; Android 5.0; SM-G900P Build/LRX21T) AppleWebKit/537.36 (KHTML, like Gecko) Chrome/91.0.4472.101 Mobile Safari/537.36"
::1 - - [17/Jun/2021:00:30:44 +0000] "POST /api/user/login HTTP/1.1" 200 351 "http://localhost:3000/" "Mozilla/5.0 (Windows NT 10.0; Win64; x64) AppleWebKit/537.36 (KHTML, like Gecko) Chrome/91.0.4472.101 Safari/537.36"
::1 - - [17/Jun/2021:00:30:44 +0000] "GET /api/user/reftoken HTTP/1.1" 400 34 "http://localhost:3000/" "Mozilla/5.0 (Windows NT 10.0; Win64; x64) AppleWebKit/537.36 (KHTML, like Gecko) Chrome/91.0.4472.101 Safari/537.36"
::1 - - [17/Jun/2021:00:31:13 +0000] "POST /api/user/login HTTP/1.1" 200 351 "http://localhost:3000/" "Mozilla/5.0 (Windows NT 10.0; Win64; x64) AppleWebKit/537.36 (KHTML, like Gecko) Chrome/91.0.4472.101 Safari/537.36"
::1 - - [17/Jun/2021:00:31:13 +0000] "GET /api/user/reftoken HTTP/1.1" 400 34 "http://localhost:3000/" "Mozilla/5.0 (Windows NT 10.0; Win64; x64) AppleWebKit/537.36 (KHTML, like Gecko) Chrome/91.0.4472.101 Safari/537.36"
::1 - - [17/Jun/2021:00:34:36 +0000] "GET /api/user/reftoken HTTP/1.1" 400 34 "http://localhost:3000/" "Mozilla/5.0 (Linux; Android 5.0; SM-G900P Build/LRX21T) AppleWebKit/537.36 (KHTML, like Gecko) Chrome/91.0.4472.101 Mobile Safari/537.36"
::1 - - [17/Jun/2021:00:34:50 +0000] "POST /api/user/login HTTP/1.1" 200 351 "http://localhost:3000/" "Mozilla/5.0 (Windows NT 10.0; Win64; x64) AppleWebKit/537.36 (KHTML, like Gecko) Chrome/91.0.4472.101 Safari/537.36"
::1 - - [17/Jun/2021:00:34:50 +0000] "GET /api/user/reftoken HTTP/1.1" 400 34 "http://localhost:3000/" "Mozilla/5.0 (Windows NT 10.0; Win64; x64) AppleWebKit/537.36 (KHTML, like Gecko) Chrome/91.0.4472.101 Safari/537.36"
::1 - - [17/Jun/2021:00:36:09 +0000] "GET /api/user/reftoken HTTP/1.1" 400 34 "http://localhost:3000/" "Mozilla/5.0 (Linux; Android 5.0; SM-G900P Build/LRX21T) AppleWebKit/537.36 (KHTML, like Gecko) Chrome/91.0.4472.101 Mobile Safari/537.36"
::1 - - [17/Jun/2021:00:37:23 +0000] "POST /api/user/login HTTP/1.1" 200 351 "http://localhost:3000/" "Mozilla/5.0 (Linux; Android 5.0; SM-G900P Build/LRX21T) AppleWebKit/537.36 (KHTML, like Gecko) Chrome/91.0.4472.101 Mobile Safari/537.36"
::1 - - [17/Jun/2021:00:37:38 +0000] "POST /api/user/login HTTP/1.1" 200 351 "http://localhost:3000/" "Mozilla/5.0 (Linux; Android 5.0; SM-G900P Build/LRX21T) AppleWebKit/537.36 (KHTML, like Gecko) Chrome/91.0.4472.101 Mobile Safari/537.36"
::1 - - [17/Jun/2021:00:37:39 +0000] "GET /api/user/reftoken HTTP/1.1" 400 34 "http://localhost:3000/" "Mozilla/5.0 (Linux; Android 5.0; SM-G900P Build/LRX21T) AppleWebKit/537.36 (KHTML, like Gecko) Chrome/91.0.4472.101 Mobile Safari/537.36"
::1 - - [17/Jun/2021:00:38:33 +0000] "GET /api/user/reftoken HTTP/1.1" 400 34 "http://localhost:3000/" "Mozilla/5.0 (Windows NT 10.0; Win64; x64) AppleWebKit/537.36 (KHTML, like Gecko) Chrome/91.0.4472.101 Safari/537.36"
::1 - - [17/Jun/2021:00:38:42 +0000] "GET /api/user/reftoken HTTP/1.1" 400 34 "http://localhost:3000/" "Mozilla/5.0 (Linux; Android 5.0; SM-G900P Build/LRX21T) AppleWebKit/537.36 (KHTML, like Gecko) Chrome/91.0.4472.101 Mobile Safari/537.36"
::1 - - [17/Jun/2021:00:39:51 +0000] "GET /api/user/reftoken HTTP/1.1" 400 34 "http://localhost:3000/" "Mozilla/5.0 (Linux; Android 5.0; SM-G900P Build/LRX21T) AppleWebKit/537.36 (KHTML, like Gecko) Chrome/91.0.4472.101 Mobile Safari/537.36"
::1 - - [17/Jun/2021:00:40:04 +0000] "GET /api/user/reftoken HTTP/1.1" 400 34 "http://localhost:3000/" "Mozilla/5.0 (Linux; Android 5.0; SM-G900P Build/LRX21T) AppleWebKit/537.36 (KHTML, like Gecko) Chrome/91.0.4472.101 Mobile Safari/537.36"
::1 - - [17/Jun/2021:00:41:08 +0000] "GET /api/user/reftoken HTTP/1.1" 400 34 "http://localhost:3000/" "Mozilla/5.0 (Windows NT 10.0; Win64; x64) AppleWebKit/537.36 (KHTML, like Gecko) Chrome/91.0.4472.101 Safari/537.36"
::1 - - [17/Jun/2021:00:45:16 +0000] "POST /api/user/login HTTP/1.1" 200 351 "http://localhost:3000/" "Mozilla/5.0 (Windows NT 10.0; Win64; x64) AppleWebKit/537.36 (KHTML, like Gecko) Chrome/91.0.4472.101 Safari/537.36"
::1 - - [17/Jun/2021:00:45:16 +0000] "GET /api/user/reftoken HTTP/1.1" 400 34 "http://localhost:3000/" "Mozilla/5.0 (Windows NT 10.0; Win64; x64) AppleWebKit/537.36 (KHTML, like Gecko) Chrome/91.0.4472.101 Safari/537.36"
::1 - - [17/Jun/2021:00:45:28 +0000] "GET /api/user/reftoken HTTP/1.1" 400 34 "-" "Mozilla/5.0 (Windows NT 10.0; Win64; x64) AppleWebKit/537.36 (KHTML, like Gecko) Chrome/91.0.4472.101 Safari/537.36"
::1 - - [17/Jun/2021:14:39:12 +0000] "POST /api/user/login HTTP/1.1" 200 513 "-" "insomnia/2021.3.0"
::1 - - [17/Jun/2021:14:41:06 +0000] "POST /api/user/token HTTP/1.1" 404 154 "-" "insomnia/2021.3.0"
::1 - - [17/Jun/2021:14:43:03 +0000] "POST /api/user/login HTTP/1.1" 200 513 "-" "insomnia/2021.3.0"
::1 - - [17/Jun/2021:16:24:34 +0000] "POST /api/user/login HTTP/1.1" 200 513 "-" "insomnia/2021.3.0"
::1 - - [17/Jun/2021:16:27:01 +0000] "POST /api/user/login HTTP/1.1" 200 506 "http://localhost:3000/" "Mozilla/5.0 (Windows NT 10.0; Win64; x64) AppleWebKit/537.36 (KHTML, like Gecko) Chrome/91.0.4472.106 Safari/537.36"
::1 - - [17/Jun/2021:16:27:01 +0000] "GET /api/user/reftoken HTTP/1.1" 404 156 "http://localhost:3000/" "Mozilla/5.0 (Windows NT 10.0; Win64; x64) AppleWebKit/537.36 (KHTML, like Gecko) Chrome/91.0.4472.106 Safari/537.36"
::1 - - [17/Jun/2021:16:28:27 +0000] "GET /api/user/token HTTP/1.1" 404 153 "http://localhost:3000/" "Mozilla/5.0 (Linux; Android 5.0; SM-G900P Build/LRX21T) AppleWebKit/537.36 (KHTML, like Gecko) Chrome/91.0.4472.106 Mobile Safari/537.36"
::1 - - [17/Jun/2021:16:32:13 +0000] "POST /api/user/home HTTP/1.1" 404 153 "-" "insomnia/2021.3.0"
::1 - - [17/Jun/2021:16:32:18 +0000] "GET /api/user/home HTTP/1.1" 500 59 "-" "insomnia/2021.3.0"
::1 - - [17/Jun/2021:16:32:44 +0000] "GET /api/user/home HTTP/1.1" 500 59 "-" "insomnia/2021.3.0"
::1 - - [17/Jun/2021:16:33:16 +0000] "GET /api/user/home HTTP/1.1" 500 59 "-" "insomnia/2021.3.0"
::1 - - [17/Jun/2021:16:33:18 +0000] "GET /api/user/home HTTP/1.1" 500 59 "-" "insomnia/2021.3.0"
::1 - - [17/Jun/2021:16:33:19 +0000] "GET /api/user/home HTTP/1.1" 500 59 "-" "insomnia/2021.3.0"
::1 - - [17/Jun/2021:16:33:20 +0000] "GET /api/user/home HTTP/1.1" 500 59 "-" "insomnia/2021.3.0"
::1 - - [17/Jun/2021:16:35:21 +0000] "POST /api/user/token HTTP/1.1" 500 59 "-" "insomnia/2021.3.0"
::1 - - [17/Jun/2021:16:35:54 +0000] "POST /api/user/token HTTP/1.1" - - "-" "insomnia/2021.3.0"
::1 - - [17/Jun/2021:16:39:33 +0000] "POST /api/user/token HTTP/1.1" - - "-" "insomnia/2021.3.0"
::1 - - [17/Jun/2021:16:42:04 +0000] "POST /api/user/token HTTP/1.1" - - "-" "insomnia/2021.3.0"
::1 - - [17/Jun/2021:16:44:29 +0000] "POST /api/user/token HTTP/1.1" 200 394 "-" "insomnia/2021.3.0"
::1 - - [17/Jun/2021:16:44:46 +0000] "POST /api/user/home HTTP/1.1" 404 153 "-" "insomnia/2021.3.0"
::1 - - [17/Jun/2021:16:44:52 +0000] "GET /api/user/home HTTP/1.1" 500 59 "-" "insomnia/2021.3.0"
::1 - - [17/Jun/2021:16:44:56 +0000] "GET /api/user/home HTTP/1.1" 200 50 "-" "insomnia/2021.3.0"
::1 - - [17/Jun/2021:16:47:29 +0000] "GET /api/user/home HTTP/1.1" 500 59 "-" "insomnia/2021.3.0"
::1 - - [17/Jun/2021:17:53:05 +0000] "GET /api/ HTTP/1.1" 404 143 "http://localhost:3000/" "Mozilla/5.0 (Windows NT 10.0; Win64; x64) AppleWebKit/537.36 (KHTML, like Gecko) Chrome/91.0.4472.106 Safari/537.36"
::1 - - [17/Jun/2021:17:55:00 +0000] "POST /api/user/login HTTP/1.1" 200 506 "http://localhost:3000/" "Mozilla/5.0 (Windows NT 10.0; Win64; x64) AppleWebKit/537.36 (KHTML, like Gecko) Chrome/91.0.4472.106 Safari/537.36"
::1 - - [17/Jun/2021:17:55:00 +0000] "GET /api/ HTTP/1.1" 404 143 "http://localhost:3000/" "Mozilla/5.0 (Windows NT 10.0; Win64; x64) AppleWebKit/537.36 (KHTML, like Gecko) Chrome/91.0.4472.106 Safari/537.36"
::1 - - [17/Jun/2021:17:55:15 +0000] "GET /api/ HTTP/1.1" 404 143 "-" "Mozilla/5.0 (Windows NT 10.0; Win64; x64) AppleWebKit/537.36 (KHTML, like Gecko) Chrome/91.0.4472.106 Safari/537.36"
::1 - - [17/Jun/2021:17:55:28 +0000] "GET /api/ HTTP/1.1" 404 143 "http://localhost:3000/" "Mozilla/5.0 (Linux; Android 5.0; SM-G900P Build/LRX21T) AppleWebKit/537.36 (KHTML, like Gecko) Chrome/91.0.4472.106 Mobile Safari/537.36"
::1 - - [17/Jun/2021:17:55:33 +0000] "GET /api/ HTTP/1.1" 404 143 "-" "Mozilla/5.0 (Windows NT 10.0; Win64; x64) AppleWebKit/537.36 (KHTML, like Gecko) Chrome/91.0.4472.106 Safari/537.36"
::1 - - [17/Jun/2021:17:55:45 +0000] "GET / HTTP/1.1" 404 139 "-" "Mozilla/5.0 (Windows NT 10.0; Win64; x64) AppleWebKit/537.36 (KHTML, like Gecko) Chrome/91.0.4472.106 Safari/537.36"
::1 - - [17/Jun/2021:17:55:50 +0000] "GET / HTTP/1.1" 404 139 "-" "Mozilla/5.0 (Windows NT 10.0; Win64; x64) AppleWebKit/537.36 (KHTML, like Gecko) Chrome/91.0.4472.106 Safari/537.36"
::1 - - [17/Jun/2021:17:56:23 +0000] "GET /api/user HTTP/1.1" 403 45 "http://localhost:3000/" "Mozilla/5.0 (Linux; Android 5.0; SM-G900P Build/LRX21T) AppleWebKit/537.36 (KHTML, like Gecko) Chrome/91.0.4472.106 Mobile Safari/537.36"
::1 - - [17/Jun/2021:17:56:27 +0000] "GET / HTTP/1.1" 404 139 "-" "Mozilla/5.0 (Linux; Android 5.0; SM-G900P Build/LRX21T) AppleWebKit/537.36 (KHTML, like Gecko) Chrome/91.0.4472.106 Mobile Safari/537.36"
::1 - - [17/Jun/2021:17:57:02 +0000] "GET /api/user HTTP/1.1" 500 59 "-" "insomnia/2021.3.0"
::1 - - [17/Jun/2021:17:57:09 +0000] "GET /api/user/login HTTP/1.1" 404 153 "-" "insomnia/2021.3.0"
::1 - - [17/Jun/2021:17:57:39 +0000] "POST /api/user/login HTTP/1.1" 200 506 "-" "insomnia/2021.3.0"
::1 - - [17/Jun/2021:17:58:00 +0000] "GET /api/user HTTP/1.1" 500 59 "-" "insomnia/2021.3.0"
::1 - - [17/Jun/2021:17:58:31 +0000] "GET /api/user HTTP/1.1" 500 59 "-" "insomnia/2021.3.0"
::1 - - [17/Jun/2021:17:58:32 +0000] "GET /api/user HTTP/1.1" 500 59 "-" "insomnia/2021.3.0"
::1 - - [17/Jun/2021:17:59:52 +0000] "POST /api/user/token HTTP/1.1" 200 394 "-" "insomnia/2021.3.0"
::1 - - [17/Jun/2021:18:00:08 +0000] "GET /api/user HTTP/1.1" 500 59 "-" "insomnia/2021.3.0"
::1 - - [17/Jun/2021:18:00:20 +0000] "POST /api/user/token HTTP/1.1" 200 394 "-" "insomnia/2021.3.0"
::1 - - [17/Jun/2021:18:00:29 +0000] "POST /api/user/token HTTP/1.1" 500 59 "-" "insomnia/2021.3.0"
::1 - - [17/Jun/2021:18:00:41 +0000] "POST /api/user HTTP/1.1" 404 148 "-" "insomnia/2021.3.0"
::1 - - [17/Jun/2021:18:00:45 +0000] "GET /api/user HTTP/1.1" 200 5135 "-" "insomnia/2021.3.0"
::1 - - [17/Jun/2021:18:00:59 +0000] "GET / HTTP/1.1" 404 139 "-" "Mozilla/5.0 (Linux; Android 5.0; SM-G900P Build/LRX21T) AppleWebKit/537.36 (KHTML, like Gecko) Chrome/91.0.4472.106 Mobile Safari/537.36"
::1 - - [17/Jun/2021:18:03:47 +0000] "POST /api/user/login HTTP/1.1" 200 506 "http://localhost:3000/" "Mozilla/5.0 (Windows NT 10.0; Win64; x64) AppleWebKit/537.36 (KHTML, like Gecko) Chrome/91.0.4472.106 Safari/537.36"
::1 - - [17/Jun/2021:18:03:47 +0000] "GET /api/user HTTP/1.1" 403 45 "http://localhost:3000/" "Mozilla/5.0 (Windows NT 10.0; Win64; x64) AppleWebKit/537.36 (KHTML, like Gecko) Chrome/91.0.4472.106 Safari/537.36"
::1 - - [17/Jun/2021:18:04:07 +0000] "GET /api/user HTTP/1.1" 403 45 "-" "Mozilla/5.0 (Windows NT 10.0; Win64; x64) AppleWebKit/537.36 (KHTML, like Gecko) Chrome/91.0.4472.106 Safari/537.36"
::1 - - [17/Jun/2021:18:04:07 +0000] "GET /favicon.ico HTTP/1.1" 404 150 "http://localhost:5000/api/user" "Mozilla/5.0 (Windows NT 10.0; Win64; x64) AppleWebKit/537.36 (KHTML, like Gecko) Chrome/91.0.4472.106 Safari/537.36"
::1 - - [17/Jun/2021:18:18:09 +0000] "POST /api/user/login HTTP/1.1" 200 506 "http://localhost:3000/" "Mozilla/5.0 (Windows NT 10.0; Win64; x64) AppleWebKit/537.36 (KHTML, like Gecko) Chrome/91.0.4472.106 Safari/537.36"
::1 - - [17/Jun/2021:18:18:09 +0000] "GET /api/user HTTP/1.1" 403 45 "http://localhost:3000/" "Mozilla/5.0 (Windows NT 10.0; Win64; x64) AppleWebKit/537.36 (KHTML, like Gecko) Chrome/91.0.4472.106 Safari/537.36"
::1 - - [17/Jun/2021:18:22:36 +0000] "GET /api/user HTTP/1.1" 403 45 "http://localhost:3000/" "Mozilla/5.0 (Linux; Android 5.0; SM-G900P Build/LRX21T) AppleWebKit/537.36 (KHTML, like Gecko) Chrome/91.0.4472.106 Mobile Safari/537.36"
::1 - - [17/Jun/2021:18:25:28 +0000] "GET /api/user HTTP/1.1" 403 45 "http://localhost:3000/" "Mozilla/5.0 (Linux; Android 5.0; SM-G900P Build/LRX21T) AppleWebKit/537.36 (KHTML, like Gecko) Chrome/91.0.4472.106 Mobile Safari/537.36"
::1 - - [17/Jun/2021:18:33:55 +0000] "GET /api/user HTTP/1.1" 500 59 "http://localhost:3000/" "Mozilla/5.0 (Linux; Android 5.0; SM-G900P Build/LRX21T) AppleWebKit/537.36 (KHTML, like Gecko) Chrome/91.0.4472.106 Mobile Safari/537.36"
::1 - - [17/Jun/2021:18:34:47 +0000] "GET /api/user HTTP/1.1" 500 59 "http://localhost:3000/" "Mozilla/5.0 (Linux; Android 5.0; SM-G900P Build/LRX21T) AppleWebKit/537.36 (KHTML, like Gecko) Chrome/91.0.4472.106 Mobile Safari/537.36"
::1 - - [17/Jun/2021:18:34:52 +0000] "GET /api/user HTTP/1.1" 500 59 "http://localhost:3000/" "Mozilla/5.0 (Linux; Android 5.0; SM-G900P Build/LRX21T) AppleWebKit/537.36 (KHTML, like Gecko) Chrome/91.0.4472.106 Mobile Safari/537.36"
::1 - - [17/Jun/2021:18:34:59 +0000] "GET /api/user HTTP/1.1" 500 59 "http://localhost:3000/" "Mozilla/5.0 (Linux; Android 5.0; SM-G900P Build/LRX21T) AppleWebKit/537.36 (KHTML, like Gecko) Chrome/91.0.4472.106 Mobile Safari/537.36"
::1 - - [17/Jun/2021:18:35:15 +0000] "GET /api/user HTTP/1.1" 403 45 "-" "Mozilla/5.0 (Windows NT 10.0; Win64; x64) AppleWebKit/537.36 (KHTML, like Gecko) Chrome/91.0.4472.106 Safari/537.36"
::1 - - [17/Jun/2021:18:37:52 +0000] "GET /api/user HTTP/1.1" 500 59 "http://localhost:3000/" "Mozilla/5.0 (Linux; Android 5.0; SM-G900P Build/LRX21T) AppleWebKit/537.36 (KHTML, like Gecko) Chrome/91.0.4472.106 Mobile Safari/537.36"
::1 - - [17/Jun/2021:18:38:06 +0000] "GET /api/user HTTP/1.1" 500 59 "http://localhost:3000/" "Mozilla/5.0 (Linux; Android 5.0; SM-G900P Build/LRX21T) AppleWebKit/537.36 (KHTML, like Gecko) Chrome/91.0.4472.106 Mobile Safari/537.36"
::1 - - [17/Jun/2021:18:38:31 +0000] "GET /api/user HTTP/1.1" 500 59 "-" "insomnia/2021.3.0"
::1 - - [17/Jun/2021:18:42:36 +0000] "GET /api/user HTTP/1.1" 500 59 "http://localhost:3000/" "Mozilla/5.0 (Linux; Android 5.0; SM-G900P Build/LRX21T) AppleWebKit/537.36 (KHTML, like Gecko) Chrome/91.0.4472.106 Mobile Safari/537.36"
::1 - - [17/Jun/2021:18:42:41 +0000] "GET /api/user HTTP/1.1" 403 45 "-" "Mozilla/5.0 (Windows NT 10.0; Win64; x64) AppleWebKit/537.36 (KHTML, like Gecko) Chrome/91.0.4472.106 Safari/537.36"
::1 - - [17/Jun/2021:19:11:47 +0000] "GET /api/user HTTP/1.1" 403 45 "-" "Mozilla/5.0 (Windows NT 10.0; Win64; x64) AppleWebKit/537.36 (KHTML, like Gecko) Chrome/91.0.4472.106 Safari/537.36"
::1 - - [17/Jun/2021:19:13:04 +0000] "GET /api/user HTTP/1.1" 200 5135 "http://localhost:3000/" "Mozilla/5.0 (Linux; Android 5.0; SM-G900P Build/LRX21T) AppleWebKit/537.36 (KHTML, like Gecko) Chrome/91.0.4472.106 Mobile Safari/537.36"
::1 - - [17/Jun/2021:19:17:00 +0000] "GET /api/user HTTP/1.1" 500 2182 "http://localhost:3000/" "Mozilla/5.0 (Windows NT 10.0; Win64; x64) AppleWebKit/537.36 (KHTML, like Gecko) Chrome/91.0.4472.106 Safari/537.36"
::1 - - [17/Jun/2021:19:17:29 +0000] "GET /api/user HTTP/1.1" 500 2182 "http://localhost:3000/" "Mozilla/5.0 (Linux; Android 5.0; SM-G900P Build/LRX21T) AppleWebKit/537.36 (KHTML, like Gecko) Chrome/91.0.4472.106 Mobile Safari/537.36"
::1 - - [17/Jun/2021:19:18:17 +0000] "GET /api/user HTTP/1.1" 500 2182 "http://localhost:3000/" "Mozilla/5.0 (Linux; Android 5.0; SM-G900P Build/LRX21T) AppleWebKit/537.36 (KHTML, like Gecko) Chrome/91.0.4472.106 Mobile Safari/537.36"
::1 - - [17/Jun/2021:19:20:40 +0000] "GET /api/user HTTP/1.1" 401 121 "http://localhost:3000/" "Mozilla/5.0 (Linux; Android 5.0; SM-G900P Build/LRX21T) AppleWebKit/537.36 (KHTML, like Gecko) Chrome/91.0.4472.106 Mobile Safari/537.36"
::1 - - [17/Jun/2021:19:22:18 +0000] "GET /api/user HTTP/1.1" 403 45 "-" "Mozilla/5.0 (Windows NT 10.0; Win64; x64) AppleWebKit/537.36 (KHTML, like Gecko) Chrome/91.0.4472.106 Safari/537.36"
::1 - - [17/Jun/2021:19:36:46 +0000] "GET /api/user HTTP/1.1" 401 121 "-" "insomnia/2021.3.0"
::1 - - [17/Jun/2021:19:36:58 +0000] "GET /api/user HTTP/1.1" 401 121 "http://localhost:3000/" "Mozilla/5.0 (Linux; Android 5.0; SM-G900P Build/LRX21T) AppleWebKit/537.36 (KHTML, like Gecko) Chrome/91.0.4472.106 Mobile Safari/537.36"
::1 - - [17/Jun/2021:19:37:29 +0000] "GET /api/user HTTP/1.1" 401 121 "-" "insomnia/2021.3.0"
::1 - - [17/Jun/2021:19:37:38 +0000] "GET /api/user HTTP/1.1" 401 121 "-" "insomnia/2021.3.0"
::1 - - [17/Jun/2021:19:37:39 +0000] "GET /api/user HTTP/1.1" 401 121 "-" "insomnia/2021.3.0"
::1 - - [17/Jun/2021:19:37:57 +0000] "GET /api/user HTTP/1.1" 401 121 "-" "insomnia/2021.3.0"
::1 - - [17/Jun/2021:19:38:04 +0000] "GET /api/token HTTP/1.1" 404 148 "-" "insomnia/2021.3.0"
::1 - - [17/Jun/2021:19:38:08 +0000] "POST /api/token HTTP/1.1" 404 149 "-" "insomnia/2021.3.0"
::1 - - [17/Jun/2021:19:38:14 +0000] "POST /api/user/token HTTP/1.1" 401 73 "-" "insomnia/2021.3.0"
::1 - - [17/Jun/2021:19:39:11 +0000] "POST /api/user/login HTTP/1.1" 200 506 "-" "insomnia/2021.3.0"
::1 - - [17/Jun/2021:19:39:28 +0000] "GET /api/user HTTP/1.1" 200 5135 "-" "insomnia/2021.3.0"
::1 - - [17/Jun/2021:19:40:29 +0000] "GET /api/user HTTP/1.1" 401 154 "-" "insomnia/2021.3.0"
::1 - - [17/Jun/2021:19:41:03 +0000] "POST /api/user/token HTTP/1.1" 401 120 "-" "insomnia/2021.3.0"
::1 - - [17/Jun/2021:19:42:05 +0000] "POST /api/user/token HTTP/1.1" 401 156 "-" "insomnia/2021.3.0"
::1 - - [17/Jun/2021:20:07:01 +0000] "GET /api/user HTTP/1.1" 401 121 "http://localhost:3000/" "Mozilla/5.0 (Linux; Android 5.0; SM-G900P Build/LRX21T) AppleWebKit/537.36 (KHTML, like Gecko) Chrome/91.0.4472.106 Mobile Safari/537.36"
::1 - - [17/Jun/2021:20:07:07 +0000] "POST /api/user/token HTTP/1.1" 200 308 "-" "insomnia/2021.3.0"
::1 - - [17/Jun/2021:20:08:23 +0000] "POST /api/user/token HTTP/1.1" 200 308 "-" "insomnia/2021.3.0"
::1 - - [17/Jun/2021:20:09:39 +0000] "POST /api/user/token HTTP/1.1" 200 308 "-" "insomnia/2021.3.0"
::1 - - [17/Jun/2021:20:11:28 +0000] "POST /api/user/token HTTP/1.1" - - "-" "insomnia/2021.3.0"
::1 - - [17/Jun/2021:20:13:06 +0000] "POST /api/user/token HTTP/1.1" 401 123 "-" "insomnia/2021.3.0"
::1 - - [17/Jun/2021:20:14:23 +0000] "POST /api/user/token HTTP/1.1" 401 123 "-" "insomnia/2021.3.0"
::1 - - [17/Jun/2021:20:14:35 +0000] "POST /api/user/token HTTP/1.1" 401 116 "-" "insomnia/2021.3.0"
::1 - - [17/Jun/2021:20:26:19 +0000] "POST /api/user/token HTTP/1.1" - - "-" "insomnia/2021.3.0"
::1 - - [17/Jun/2021:20:37:12 +0000] "GET /api/user HTTP/1.1" 401 121 "http://localhost:3000/" "Mozilla/5.0 (Linux; Android 5.0; SM-G900P Build/LRX21T) AppleWebKit/537.36 (KHTML, like Gecko) Chrome/91.0.4472.106 Mobile Safari/537.36"
::1 - - [17/Jun/2021:20:38:59 +0000] "POST /api/user/login HTTP/1.1" 200 506 "http://localhost:3000/" "Mozilla/5.0 (Windows NT 10.0; Win64; x64) AppleWebKit/537.36 (KHTML, like Gecko) Chrome/91.0.4472.106 Safari/537.36"
::1 - - [17/Jun/2021:20:38:59 +0000] "GET /api/user HTTP/1.1" 401 121 "http://localhost:3000/" "Mozilla/5.0 (Windows NT 10.0; Win64; x64) AppleWebKit/537.36 (KHTML, like Gecko) Chrome/91.0.4472.106 Safari/537.36"
::1 - - [17/Jun/2021:20:41:01 +0000] "GET /api/user HTTP/1.1" 401 121 "http://localhost:3000/" "Mozilla/5.0 (Windows NT 10.0; Win64; x64) AppleWebKit/537.36 (KHTML, like Gecko) Chrome/91.0.4472.106 Safari/537.36"
::1 - - [17/Jun/2021:20:41:22 +0000] "POST /api/user/login HTTP/1.1" 200 506 "http://localhost:3000/" "Mozilla/5.0 (Windows NT 10.0; Win64; x64) AppleWebKit/537.36 (KHTML, like Gecko) Chrome/91.0.4472.106 Safari/537.36"
::1 - - [17/Jun/2021:20:41:22 +0000] "GET /api/user HTTP/1.1" 401 121 "http://localhost:3000/" "Mozilla/5.0 (Windows NT 10.0; Win64; x64) AppleWebKit/537.36 (KHTML, like Gecko) Chrome/91.0.4472.106 Safari/537.36"
::1 - - [17/Jun/2021:20:44:49 +0000] "POST /api/user/token HTTP/1.1" 401 73 "-" "insomnia/2021.3.0"
::1 - - [17/Jun/2021:20:48:18 +0000] "GET /api/user HTTP/1.1" 401 117 "http://localhost:3000/" "Mozilla/5.0 (Windows NT 10.0; Win64; x64) AppleWebKit/537.36 (KHTML, like Gecko) Chrome/91.0.4472.106 Safari/537.36"
::1 - - [17/Jun/2021:21:03:03 +0000] "POST /api/user/token HTTP/1.1" 200 394 "-" "insomnia/2021.3.0"
::1 - - [17/Jun/2021:21:03:40 +0000] "POST /api/user/token HTTP/1.1" 401 73 "-" "insomnia/2021.3.0"
::1 - - [17/Jun/2021:21:05:00 +0000] "POST /api/user/token HTTP/1.1" 200 394 "-" "insomnia/2021.3.0"
::1 - - [17/Jun/2021:21:11:10 +0000] "GET /api/user HTTP/1.1" 401 117 "http://localhost:3000/" "Mozilla/5.0 (Windows NT 10.0; Win64; x64) AppleWebKit/537.36 (KHTML, like Gecko) Chrome/91.0.4472.106 Safari/537.36"
::1 - - [17/Jun/2021:21:11:10 +0000] "GET /api/user HTTP/1.1" 401 117 "http://localhost:3000/" "Mozilla/5.0 (Windows NT 10.0; Win64; x64) AppleWebKit/537.36 (KHTML, like Gecko) Chrome/91.0.4472.106 Safari/537.36"
::1 - - [17/Jun/2021:21:38:16 +0000] "POST /api/user/login HTTP/1.1" 500 423 "http://localhost:3000/" "Mozilla/5.0 (Linux; Android 5.0; SM-G900P Build/LRX21T) AppleWebKit/537.36 (KHTML, like Gecko) Chrome/91.0.4472.106 Mobile Safari/537.36"
::1 - - [17/Jun/2021:21:40:12 +0000] "POST /api/user/login HTTP/1.1" 500 369 "http://localhost:3000/" "Mozilla/5.0 (Linux; Android 5.0; SM-G900P Build/LRX21T) AppleWebKit/537.36 (KHTML, like Gecko) Chrome/91.0.4472.106 Mobile Safari/537.36"
::1 - - [17/Jun/2021:21:47:05 +0000] "POST /api/user/login HTTP/1.1" - - "http://localhost:3000/" "Mozilla/5.0 (Windows NT 10.0; Win64; x64) AppleWebKit/537.36 (KHTML, like Gecko) Chrome/91.0.4472.106 Safari/537.36"
::1 - - [17/Jun/2021:21:48:56 +0000] "POST /api/user/login HTTP/1.1" 500 187 "http://localhost:3000/" "Mozilla/5.0 (Linux; Android 5.0; SM-G900P Build/LRX21T) AppleWebKit/537.36 (KHTML, like Gecko) Chrome/91.0.4472.106 Mobile Safari/537.36"
::1 - - [17/Jun/2021:21:49:15 +0000] "GET /api/user/login HTTP/1.1" 404 153 "-" "Mozilla/5.0 (Windows NT 10.0; Win64; x64) AppleWebKit/537.36 (KHTML, like Gecko) Chrome/91.0.4472.106 Safari/537.36"
::1 - - [17/Jun/2021:21:51:23 +0000] "POST /api/user/login HTTP/1.1" 500 187 "http://localhost:3000/" "Mozilla/5.0 (Windows NT 10.0; Win64; x64) AppleWebKit/537.36 (KHTML, like Gecko) Chrome/91.0.4472.106 Safari/537.36"
::1 - - [17/Jun/2021:21:52:45 +0000] "POST /api/user/login HTTP/1.1" 500 187 "-" "insomnia/2021.3.0"
::1 - - [17/Jun/2021:21:54:53 +0000] "POST /api/user/login HTTP/1.1" 200 506 "-" "insomnia/2021.3.0"
::1 - - [17/Jun/2021:21:55:12 +0000] "POST /api/user/login HTTP/1.1" 200 506 "http://localhost:3000/" "Mozilla/5.0 (Windows NT 10.0; Win64; x64) AppleWebKit/537.36 (KHTML, like Gecko) Chrome/91.0.4472.106 Safari/537.36"
::1 - - [17/Jun/2021:22:12:10 +0000] "POST /api/user/login HTTP/1.1" 200 506 "http://localhost:3000/" "Mozilla/5.0 (Linux; Android 5.0; SM-G900P Build/LRX21T) AppleWebKit/537.36 (KHTML, like Gecko) Chrome/91.0.4472.106 Mobile Safari/537.36"
::1 - - [17/Jun/2021:22:14:12 +0000] "GET /api/user/token HTTP/1.1" 404 153 "http://localhost:3000/" "Mozilla/5.0 (Windows NT 10.0; Win64; x64) AppleWebKit/537.36 (KHTML, like Gecko) Chrome/91.0.4472.106 Safari/537.36"
::1 - - [17/Jun/2021:22:15:36 +0000] "GET /api/user/token HTTP/1.1" 404 153 "http://localhost:3000/" "Mozilla/5.0 (Windows NT 10.0; Win64; x64) AppleWebKit/537.36 (KHTML, like Gecko) Chrome/91.0.4472.106 Safari/537.36"
::1 - - [17/Jun/2021:22:15:49 +0000] "GET /api/user/token HTTP/1.1" 404 153 "http://localhost:3000/" "Mozilla/5.0 (Windows NT 10.0; Win64; x64) AppleWebKit/537.36 (KHTML, like Gecko) Chrome/91.0.4472.106 Safari/537.36"
::1 - - [17/Jun/2021:22:16:15 +0000] "GET /api/user/token HTTP/1.1" 404 153 "http://localhost:3000/" "Mozilla/5.0 (Linux; Android 5.0; SM-G900P Build/LRX21T) AppleWebKit/537.36 (KHTML, like Gecko) Chrome/91.0.4472.106 Mobile Safari/537.36"
::1 - - [17/Jun/2021:22:17:45 +0000] "GET /api/user/token HTTP/1.1" 404 153 "http://localhost:3000/" "Mozilla/5.0 (Linux; Android 5.0; SM-G900P Build/LRX21T) AppleWebKit/537.36 (KHTML, like Gecko) Chrome/91.0.4472.106 Mobile Safari/537.36"
::1 - - [17/Jun/2021:22:17:54 +0000] "GET /api/user/token HTTP/1.1" 404 153 "-" "Mozilla/5.0 (Windows NT 10.0; Win64; x64) AppleWebKit/537.36 (KHTML, like Gecko) Chrome/91.0.4472.106 Safari/537.36"
::1 - - [17/Jun/2021:22:18:46 +0000] "POST /api/user/token HTTP/1.1" 200 394 "http://localhost:3000/" "Mozilla/5.0 (Windows NT 10.0; Win64; x64) AppleWebKit/537.36 (KHTML, like Gecko) Chrome/91.0.4472.106 Safari/537.36"
::1 - - [17/Jun/2021:22:19:01 +0000] "POST /api/user/token HTTP/1.1" 200 394 "http://localhost:3000/" "Mozilla/5.0 (Linux; Android 5.0; SM-G900P Build/LRX21T) AppleWebKit/537.36 (KHTML, like Gecko) Chrome/91.0.4472.106 Mobile Safari/537.36"
::1 - - [17/Jun/2021:22:22:30 +0000] "POST /api/user/token HTTP/1.1" 401 116 "http://localhost:3000/" "Mozilla/5.0 (Linux; Android 5.0; SM-G900P Build/LRX21T) AppleWebKit/537.36 (KHTML, like Gecko) Chrome/91.0.4472.106 Mobile Safari/537.36"
::1 - - [17/Jun/2021:22:23:10 +0000] "POST /api/user/token HTTP/1.1" 200 394 "http://localhost:3000/" "Mozilla/5.0 (Windows NT 10.0; Win64; x64) AppleWebKit/537.36 (KHTML, like Gecko) Chrome/91.0.4472.106 Safari/537.36"
::1 - - [17/Jun/2021:22:23:42 +0000] "POST /api/user/token HTTP/1.1" 200 394 "http://localhost:3000/" "Mozilla/5.0 (Windows NT 10.0; Win64; x64) AppleWebKit/537.36 (KHTML, like Gecko) Chrome/91.0.4472.106 Safari/537.36"
::1 - - [17/Jun/2021:22:25:05 +0000] "POST /api/user/token HTTP/1.1" 200 394 "http://localhost:3000/" "Mozilla/5.0 (Linux; Android 5.0; SM-G900P Build/LRX21T) AppleWebKit/537.36 (KHTML, like Gecko) Chrome/91.0.4472.106 Mobile Safari/537.36"
::1 - - [17/Jun/2021:22:32:45 +0000] "POST /api/user/token HTTP/1.1" 200 394 "http://localhost:3000/" "Mozilla/5.0 (Windows NT 10.0; Win64; x64) AppleWebKit/537.36 (KHTML, like Gecko) Chrome/91.0.4472.106 Safari/537.36"
::1 - - [17/Jun/2021:22:33:58 +0000] "POST /api/user/token HTTP/1.1" 200 394 "http://localhost:3000/" "Mozilla/5.0 (Windows NT 10.0; Win64; x64) AppleWebKit/537.36 (KHTML, like Gecko) Chrome/91.0.4472.106 Safari/537.36"
::1 - - [17/Jun/2021:22:34:04 +0000] "POST /api/user/token HTTP/1.1" 200 394 "http://localhost:3000/" "Mozilla/5.0 (Windows NT 10.0; Win64; x64) AppleWebKit/537.36 (KHTML, like Gecko) Chrome/91.0.4472.106 Safari/537.36"
::1 - - [17/Jun/2021:22:36:59 +0000] "POST /api/user/login HTTP/1.1" 200 506 "http://localhost:3000/" "Mozilla/5.0 (Windows NT 10.0; Win64; x64) AppleWebKit/537.36 (KHTML, like Gecko) Chrome/91.0.4472.106 Safari/537.36"
::1 - - [17/Jun/2021:22:40:39 +0000] "POST /api/user/token HTTP/1.1" 200 394 "http://localhost:3000/" "Mozilla/5.0 (Windows NT 10.0; Win64; x64) AppleWebKit/537.36 (KHTML, like Gecko) Chrome/91.0.4472.106 Safari/537.36"
::1 - - [17/Jun/2021:22:40:40 +0000] "POST /api/user/token HTTP/1.1" 200 394 "http://localhost:3000/" "Mozilla/5.0 (Windows NT 10.0; Win64; x64) AppleWebKit/537.36 (KHTML, like Gecko) Chrome/91.0.4472.106 Safari/537.36"
::1 - - [17/Jun/2021:22:41:06 +0000] "POST /api/user/token HTTP/1.1" 200 394 "http://localhost:3000/" "Mozilla/5.0 (Windows NT 10.0; Win64; x64) AppleWebKit/537.36 (KHTML, like Gecko) Chrome/91.0.4472.106 Safari/537.36"
::1 - - [17/Jun/2021:22:48:55 +0000] "POST /api/user/token HTTP/1.1" 200 394 "http://localhost:3000/" "Mozilla/5.0 (Windows NT 10.0; Win64; x64) AppleWebKit/537.36 (KHTML, like Gecko) Chrome/91.0.4472.106 Safari/537.36"
::1 - - [17/Jun/2021:22:57:07 +0000] "POST /api/user/token HTTP/1.1" 200 394 "http://localhost:3000/" "Mozilla/5.0 (Windows NT 10.0; Win64; x64) AppleWebKit/537.36 (KHTML, like Gecko) Chrome/91.0.4472.106 Safari/537.36"
::1 - - [17/Jun/2021:22:57:12 +0000] "POST /api/user/token HTTP/1.1" 200 394 "http://localhost:3000/" "Mozilla/5.0 (Windows NT 10.0; Win64; x64) AppleWebKit/537.36 (KHTML, like Gecko) Chrome/91.0.4472.106 Safari/537.36"
::1 - - [17/Jun/2021:22:57:28 +0000] "POST /api/user/token HTTP/1.1" 200 394 "http://localhost:3000/" "Mozilla/5.0 (Windows NT 10.0; Win64; x64) AppleWebKit/537.36 (KHTML, like Gecko) Chrome/91.0.4472.106 Safari/537.36"
::1 - - [17/Jun/2021:23:03:52 +0000] "POST /api/user/token HTTP/1.1" 200 394 "http://localhost:3000/" "Mozilla/5.0 (Windows NT 10.0; Win64; x64) AppleWebKit/537.36 (KHTML, like Gecko) Chrome/91.0.4472.106 Safari/537.36"
::1 - - [17/Jun/2021:23:04:28 +0000] "POST /api/user/logout HTTP/1.1" 401 117 "http://localhost:3000/" "Mozilla/5.0 (Linux; Android 5.0; SM-G900P Build/LRX21T) AppleWebKit/537.36 (KHTML, like Gecko) Chrome/91.0.4472.106 Mobile Safari/537.36"
::1 - - [17/Jun/2021:23:04:48 +0000] "GET /api/user/logout HTTP/1.1" 404 154 "-" "Mozilla/5.0 (Windows NT 10.0; Win64; x64) AppleWebKit/537.36 (KHTML, like Gecko) Chrome/91.0.4472.106 Safari/537.36"
::1 - - [17/Jun/2021:23:05:32 +0000] "POST /api/user/token HTTP/1.1" 200 394 "http://localhost:3000/" "Mozilla/5.0 (Windows NT 10.0; Win64; x64) AppleWebKit/537.36 (KHTML, like Gecko) Chrome/91.0.4472.106 Safari/537.36"
::1 - - [17/Jun/2021:23:05:38 +0000] "POST /api/user/logout HTTP/1.1" 401 117 "http://localhost:3000/" "Mozilla/5.0 (Linux; Android 5.0; SM-G900P Build/LRX21T) AppleWebKit/537.36 (KHTML, like Gecko) Chrome/91.0.4472.106 Mobile Safari/537.36"
::1 - - [17/Jun/2021:23:05:45 +0000] "GET /api/user/logout HTTP/1.1" 404 154 "-" "Mozilla/5.0 (Windows NT 10.0; Win64; x64) AppleWebKit/537.36 (KHTML, like Gecko) Chrome/91.0.4472.106 Safari/537.36"
::1 - - [17/Jun/2021:23:07:11 +0000] "POST /api/user/token HTTP/1.1" 200 394 "http://localhost:3000/" "Mozilla/5.0 (Windows NT 10.0; Win64; x64) AppleWebKit/537.36 (KHTML, like Gecko) Chrome/91.0.4472.106 Safari/537.36"
::1 - - [17/Jun/2021:23:10:58 +0000] "POST /api/user/token HTTP/1.1" 200 394 "http://localhost:3000/" "Mozilla/5.0 (Windows NT 10.0; Win64; x64) AppleWebKit/537.36 (KHTML, like Gecko) Chrome/91.0.4472.106 Safari/537.36"
::1 - - [17/Jun/2021:23:57:07 +0000] "POST /api/user/token HTTP/1.1" 200 394 "http://localhost:3000/" "Mozilla/5.0 (Windows NT 10.0; Win64; x64) AppleWebKit/537.36 (KHTML, like Gecko) Chrome/91.0.4472.106 Safari/537.36"
::1 - - [17/Jun/2021:23:57:13 +0000] "POST /api/user/login HTTP/1.1" 200 506 "http://localhost:3000/" "Mozilla/5.0 (Windows NT 10.0; Win64; x64) AppleWebKit/537.36 (KHTML, like Gecko) Chrome/91.0.4472.106 Safari/537.36"
::1 - - [17/Jun/2021:23:57:35 +0000] "POST /api/user/login HTTP/1.1" 200 506 "http://localhost:3000/" "Mozilla/5.0 (Linux; Android 5.0; SM-G900P Build/LRX21T) AppleWebKit/537.36 (KHTML, like Gecko) Chrome/91.0.4472.106 Mobile Safari/537.36"
::1 - - [17/Jun/2021:23:59:56 +0000] "POST /api/user/login HTTP/1.1" 200 506 "http://localhost:3000/" "Mozilla/5.0 (Linux; Android 5.0; SM-G900P Build/LRX21T) AppleWebKit/537.36 (KHTML, like Gecko) Chrome/91.0.4472.106 Mobile Safari/537.36"
::1 - - [18/Jun/2021:00:03:09 +0000] "POST /api/user/token HTTP/1.1" 200 394 "http://localhost:3000/" "Mozilla/5.0 (Linux; Android 5.0; SM-G900P Build/LRX21T) AppleWebKit/537.36 (KHTML, like Gecko) Chrome/91.0.4472.106 Mobile Safari/537.36"
::1 - - [18/Jun/2021:00:03:49 +0000] "POST /api/user/login HTTP/1.1" 200 506 "http://localhost:3000/" "Mozilla/5.0 (Linux; Android 5.0; SM-G900P Build/LRX21T) AppleWebKit/537.36 (KHTML, like Gecko) Chrome/91.0.4472.106 Mobile Safari/537.36"
::1 - - [18/Jun/2021:00:12:22 +0000] "POST /api/user/login HTTP/1.1" 200 506 "http://localhost:3000/" "Mozilla/5.0 (Linux; Android 5.0; SM-G900P Build/LRX21T) AppleWebKit/537.36 (KHTML, like Gecko) Chrome/91.0.4472.106 Mobile Safari/537.36"
::1 - - [18/Jun/2021:12:20:18 +0000] "GET /api/user HTTP/1.1" 401 121 "-" "insomnia/2021.3.0"
::1 - - [18/Jun/2021:12:20:53 +0000] "GET /api/user HTTP/1.1" 401 121 "-" "insomnia/2021.3.0"
::1 - - [18/Jun/2021:12:21:48 +0000] "GET /api/login HTTP/1.1" 404 148 "-" "insomnia/2021.3.0"
::1 - - [18/Jun/2021:12:21:56 +0000] "POST /api/login HTTP/1.1" 404 149 "-" "insomnia/2021.3.0"
::1 - - [18/Jun/2021:12:22:05 +0000] "POST /api/user/login HTTP/1.1" 200 506 "-" "insomnia/2021.3.0"
::1 - - [18/Jun/2021:12:22:29 +0000] "GET /api/user HTTP/1.1" 401 121 "-" "insomnia/2021.3.0"
::1 - - [18/Jun/2021:12:22:50 +0000] "GET /api/user HTTP/1.1" 401 121 "-" "insomnia/2021.3.0"
::1 - - [18/Jun/2021:12:23:00 +0000] "GET /api/user HTTP/1.1" 401 121 "-" "insomnia/2021.3.0"
::1 - - [18/Jun/2021:12:24:12 +0000] "GET /api/user HTTP/1.1" 401 121 "-" "insomnia/2021.3.0"
::1 - - [18/Jun/2021:12:25:44 +0000] "GET /api/user/login HTTP/1.1" 404 153 "-" "insomnia/2021.3.0"
::1 - - [18/Jun/2021:12:25:48 +0000] "POST /api/user/login HTTP/1.1" 200 506 "-" "insomnia/2021.3.0"
::1 - - [18/Jun/2021:12:27:28 +0000] "GET /api/user HTTP/1.1" 401 121 "-" "insomnia/2021.3.0"
::1 - - [18/Jun/2021:12:27:32 +0000] "GET /api/user HTTP/1.1" 401 121 "-" "insomnia/2021.3.0"
::1 - - [18/Jun/2021:12:27:33 +0000] "GET /api/user HTTP/1.1" 401 121 "-" "insomnia/2021.3.0"
::1 - - [18/Jun/2021:12:27:34 +0000] "GET /api/user HTTP/1.1" 401 121 "-" "insomnia/2021.3.0"
::1 - - [18/Jun/2021:12:28:41 +0000] "GET /api/user/token HTTP/1.1" 404 153 "-" "insomnia/2021.3.0"
::1 - - [18/Jun/2021:12:28:45 +0000] "POST /api/user/token HTTP/1.1" 401 64 "-" "insomnia/2021.3.0"
::1 - - [18/Jun/2021:12:29:37 +0000] "POST /api/user/token HTTP/1.1" 401 64 "-" "insomnia/2021.3.0"
::1 - - [18/Jun/2021:12:30:13 +0000] "POST /api/user/token HTTP/1.1" 200 394 "-" "insomnia/2021.3.0"
::1 - - [18/Jun/2021:12:32:23 +0000] "POST /api/user/token HTTP/1.1" 401 64 "-" "insomnia/2021.3.0"
::1 - - [18/Jun/2021:12:41:30 +0000] "POST /api/user/token HTTP/1.1" 401 64 "-" "insomnia/2021.3.0"
::1 - - [18/Jun/2021:12:41:44 +0000] "POST /api/user/token HTTP/1.1" 401 64 "-" "insomnia/2021.3.0"
::1 - - [18/Jun/2021:12:42:02 +0000] "POST /api/user/token HTTP/1.1" 401 64 "-" "insomnia/2021.3.0"
::1 - - [18/Jun/2021:12:42:22 +0000] "POST /api/user/token HTTP/1.1" 401 64 "-" "insomnia/2021.3.0"
::1 - - [18/Jun/2021:12:45:26 +0000] "POST /api/user/token HTTP/1.1" 401 64 "-" "insomnia/2021.3.0"
::1 - - [18/Jun/2021:12:46:08 +0000] "POST /api/user/token HTTP/1.1" 401 64 "-" "insomnia/2021.3.0"
::1 - - [18/Jun/2021:12:46:42 +0000] "POST /api/user/token HTTP/1.1" 401 64 "-" "insomnia/2021.3.0"
::1 - - [18/Jun/2021:12:47:14 +0000] "POST /api/user/token HTTP/1.1" 401 64 "-" "insomnia/2021.3.0"
::1 - - [18/Jun/2021:12:48:36 +0000] "POST /api/user/token HTTP/1.1" 401 64 "-" "insomnia/2021.3.0"
::1 - - [18/Jun/2021:12:48:38 +0000] "POST /api/user/token HTTP/1.1" 401 64 "-" "insomnia/2021.3.0"
::1 - - [18/Jun/2021:12:48:39 +0000] "POST /api/user/token HTTP/1.1" 401 64 "-" "insomnia/2021.3.0"
::1 - - [18/Jun/2021:12:49:01 +0000] "POST /api/user/token HTTP/1.1" 401 64 "-" "insomnia/2021.3.0"
::1 - - [18/Jun/2021:12:49:02 +0000] "POST /api/user/token HTTP/1.1" 401 64 "-" "insomnia/2021.3.0"
::1 - - [18/Jun/2021:12:49:03 +0000] "POST /api/user/token HTTP/1.1" 401 64 "-" "insomnia/2021.3.0"
::1 - - [18/Jun/2021:12:49:27 +0000] "POST /api/user/token HTTP/1.1" 200 394 "-" "insomnia/2021.3.0"
